13.00	0â€“22	59.09 %	
(1) Grading of hw5_1: (10/10)

    Test case 0 Passed

    Test case 1 Passed

    Test case 2 Passed

    Test case 3 Passed

    Test case 4 Passed

    Test case 5 Passed

    Test case 6 Passed

    Test case 7 Passed

-----------------------

    8 PASSED

    0 FAILED

-----------------------



(2) Grading of hw5_2: (3/12)

ERROR:: Compilation failed!!!

grading_hw5_2.sh: line 140: ././hw5_2: No such file or directory

    Test case 0 Failed

grading_hw5_2.sh: line 140: ././hw5_2: No such file or directory

    Test case 1 Failed

grading_hw5_2.sh: line 140: ././hw5_2: No such file or directory

    Test case 2 Failed

grading_hw5_2.sh: line 140: ././hw5_2: No such file or directory

    Test case 3 Failed

grading_hw5_2.sh: line 140: ././hw5_2: No such file or directory

    Test case 4 Failed

grading_hw5_2.sh: line 140: ././hw5_2: No such file or directory

    Test case 5 Failed

grading_hw5_2.sh: line 140: ././hw5_2: No such file or directory

    Test case 6 Failed

grading_hw5_2.sh: line 140: ././hw5_2: No such file or directory

    Test case 7 Failed

grading_hw5_2.sh: line 140: ././hw5_2: No such file or directory

    Test case 8 Failed

-----------------------

    0 PASSED

    9 FAILED

-----------------------